2026-03-29 23:19:39,887 | Worker 1 started
2026-03-29 23:19:39,888 | Worker 2 started
2026-03-29 23:19:39,891 | Worker 3 started
2026-03-29 23:19:39,894 | Worker 4 started
2026-03-29 23:19:39,898 | Worker 5 started
2026-03-29 23:19:39,899 | Worker 6 started
2026-03-29 23:19:39,902 | Worker 7 started
2026-03-29 23:19:39,904 | Worker 8 started
2026-03-29 23:19:39,906 | Worker 9 started
2026-03-29 23:19:39,908 | Worker 10 started
2026-03-29 23:19:39,911 | Started 10 worker(s) across 1 server(s)
2026-03-29 23:19:40,164 | Worker 8 | ogtvwhepx54elphebnlwohs3oq-a3mjxokpkjpu7mqvdsn2nkkadu.datawarehouse.fabric.microsoft.com/busydw | ERROR | Token acquisition failed: AADSTS7000215: Invalid client secret provided. Ensure the secret being sent in the request is the client secret value, not the client secret ID, for a secret added to app 'c8226c02-083f-4eab-bf3f-7557e0e87108'. Trace ID: 87bf5398-750b-464d-8100-13c27b465600 Correlation ID: ac5bd581-d9b0-4ebb-b89c-5bf1cd42b209 Timestamp: 2026-03-29 22:19:40Z
2026-03-29 23:19:41,188 | Worker 10 | ogtvwhepx54elphebnlwohs3oq-a3mjxokpkjpu7mqvdsn2nkkadu.datawarehouse.fabric.microsoft.com/busydw | OK | 1 rows
2026-03-29 23:19:41,188 | Worker 3 | ogtvwhepx54elphebnlwohs3oq-a3mjxokpkjpu7mqvdsn2nkkadu.datawarehouse.fabric.microsoft.com/busydw | OK | 1 rows
2026-03-29 23:19:41,189 | Worker 2 | ogtvwhepx54elphebnlwohs3oq-a3mjxokpkjpu7mqvdsn2nkkadu.datawarehouse.fabric.microsoft.com/busydw | OK | 1 rows
2026-03-29 23:19:41,190 | Worker 6 | ogtvwhepx54elphebnlwohs3oq-a3mjxokpkjpu7mqvdsn2nkkadu.datawarehouse.fabric.microsoft.com/busydw | OK | 1 rows
2026-03-29 23:19:41,192 | Worker 9 | ogtvwhepx54elphebnlwohs3oq-a3mjxokpkjpu7mqvdsn2nkkadu.datawarehouse.fabric.microsoft.com/busydw | OK | 1 rows
2026-03-29 23:19:41,192 | Worker 1 | ogtvwhepx54elphebnlwohs3oq-a3mjxokpkjpu7mqvdsn2nkkadu.datawarehouse.fabric.microsoft.com/busydw | OK | 1 rows
2026-03-29 23:19:41,192 | Worker 5 | ogtvwhepx54elphebnlwohs3oq-a3mjxokpkjpu7mqvdsn2nkkadu.datawarehouse.fabric.microsoft.com/busydw | OK | 1 rows
2026-03-29 23:19:41,204 | Worker 4 | ogtvwhepx54elphebnlwohs3oq-a3mjxokpkjpu7mqvdsn2nkkadu.datawarehouse.fabric.microsoft.com/busydw | OK | 1 rows
2026-03-29 23:19:41,208 | Worker 7 | ogtvwhepx54elphebnlwohs3oq-a3mjxokpkjpu7mqvdsn2nkkadu.datawarehouse.fabric.microsoft.com/busydw | OK | 1 rows
2026-03-29 23:19:41,648 | Worker 8 | ogtvwhepx54elphebnlwohs3oq-a3mjxokpkjpu7mqvdsn2nkkadu.datawarehouse.fabric.microsoft.com/busydw | OK | 1 rows
2026-03-29 23:19:42,312 | Worker 10 | ogtvwhepx54elphebnlwohs3oq-a3mjxokpkjpu7mqvdsn2nkkadu.datawarehouse.fabric.microsoft.com/busydw | OK | 1 rows
2026-03-29 23:19:42,564 | Worker 3 | ogtvwhepx54elphebnlwohs3oq-a3mjxokpkjpu7mqvdsn2nkkadu.datawarehouse.fabric.microsoft.com/busydw | OK | 1 rows
2026-03-29 23:19:42,576 | Worker 4 | ogtvwhepx54elphebnlwohs3oq-a3mjxokpkjpu7mqvdsn2nkkadu.datawarehouse.fabric.microsoft.com/busydw | OK | 1 rows
2026-03-29 23:19:42,580 | Worker 1 | ogtvwhepx54elphebnlwohs3oq-a3mjxokpkjpu7mqvdsn2nkkadu.datawarehouse.fabric.microsoft.com/busydw | OK | 1 rows
2026-03-29 23:19:42,583 | Worker 2 | ogtvwhepx54elphebnlwohs3oq-a3mjxokpkjpu7mqvdsn2nkkadu.datawarehouse.fabric.microsoft.com/busydw | OK | 1 rows
2026-03-29 23:19:42,610 | Worker 7 | ogtvwhepx54elphebnlwohs3oq-a3mjxokpkjpu7mqvdsn2nkkadu.datawarehouse.fabric.microsoft.com/busydw | OK | 1 rows
2026-03-29 23:19:43,028 | Worker 8 | ogtvwhepx54elphebnlwohs3oq-a3mjxokpkjpu7mqvdsn2nkkadu.datawarehouse.fabric.microsoft.com/busydw | OK | 1 rows
2026-03-29 23:19:43,691 | Worker 10 | ogtvwhepx54elphebnlwohs3oq-a3mjxokpkjpu7mqvdsn2nkkadu.datawarehouse.fabric.microsoft.com/busydw | OK | 1 rows
2026-03-29 23:19:43,919 | Worker 3 | ogtvwhepx54elphebnlwohs3oq-a3mjxokpkjpu7mqvdsn2nkkadu.datawarehouse.fabric.microsoft.com/busydw | OK | 1 rows
2026-03-29 23:19:43,919 | Worker 4 | ogtvwhepx54elphebnlwohs3oq-a3mjxokpkjpu7mqvdsn2nkkadu.datawarehouse.fabric.microsoft.com/busydw | OK | 1 rows
2026-03-29 23:19:43,952 | Worker 7 | ogtvwhepx54elphebnlwohs3oq-a3mjxokpkjpu7mqvdsn2nkkadu.datawarehouse.fabric.microsoft.com/busydw | OK | 1 rows
2026-03-29 23:19:44,177 | Worker 9 | ogtvwhepx54elphebnlwohs3oq-a3mjxokpkjpu7mqvdsn2nkkadu.datawarehouse.fabric.microsoft.com/busydw | OK | 1 rows
2026-03-29 23:19:44,178 | Worker 6 | ogtvwhepx54elphebnlwohs3oq-a3mjxokpkjpu7mqvdsn2nkkadu.datawarehouse.fabric.microsoft.com/busydw | OK | 1 rows
2026-03-29 23:19:44,179 | Worker 5 | ogtvwhepx54elphebnlwohs3oq-a3mjxokpkjpu7mqvdsn2nkkadu.datawarehouse.fabric.microsoft.com/busydw | OK | 1 rows
2026-03-29 23:19:44,606 | Worker 8 | ogtvwhepx54elphebnlwohs3oq-a3mjxokpkjpu7mqvdsn2nkkadu.datawarehouse.fabric.microsoft.com/busydw | OK | 1 rows
2026-03-29 23:19:45,052 | Worker 10 | ogtvwhepx54elphebnlwohs3oq-a3mjxokpkjpu7mqvdsn2nkkadu.datawarehouse.fabric.microsoft.com/busydw | OK | 1 rows
2026-03-29 23:19:45,277 | Worker 3 | ogtvwhepx54elphebnlwohs3oq-a3mjxokpkjpu7mqvdsn2nkkadu.datawarehouse.fabric.microsoft.com/busydw | OK | 1 rows
2026-03-29 23:19:45,284 | Worker 7 | ogtvwhepx54elphebnlwohs3oq-a3mjxokpkjpu7mqvdsn2nkkadu.datawarehouse.fabric.microsoft.com/busydw | OK | 1 rows
2026-03-29 23:19:45,451 | Worker 2 | ogtvwhepx54elphebnlwohs3oq-a3mjxokpkjpu7mqvdsn2nkkadu.datawarehouse.fabric.microsoft.com/busydw | OK | 1 rows
2026-03-29 23:19:45,470 | Worker 1 | ogtvwhepx54elphebnlwohs3oq-a3mjxokpkjpu7mqvdsn2nkkadu.datawarehouse.fabric.microsoft.com/busydw | OK | 1 rows
2026-03-29 23:19:45,529 | Worker 9 | ogtvwhepx54elphebnlwohs3oq-a3mjxokpkjpu7mqvdsn2nkkadu.datawarehouse.fabric.microsoft.com/busydw | OK | 1 rows
2026-03-29 23:19:45,548 | Worker 6 | ogtvwhepx54elphebnlwohs3oq-a3mjxokpkjpu7mqvdsn2nkkadu.datawarehouse.fabric.microsoft.com/busydw | OK | 1 rows
2026-03-29 23:19:45,548 | Worker 5 | ogtvwhepx54elphebnlwohs3oq-a3mjxokpkjpu7mqvdsn2nkkadu.datawarehouse.fabric.microsoft.com/busydw | OK | 1 rows
2026-03-29 23:19:45,946 | Worker 8 | ogtvwhepx54elphebnlwohs3oq-a3mjxokpkjpu7mqvdsn2nkkadu.datawarehouse.fabric.microsoft.com/busydw | OK | 1 rows
2026-03-29 23:19:46,176 | Worker 10 | ogtvwhepx54elphebnlwohs3oq-a3mjxokpkjpu7mqvdsn2nkkadu.datawarehouse.fabric.microsoft.com/busydw | OK | 1 rows
2026-03-29 23:19:46,402 | Worker 3 | ogtvwhepx54elphebnlwohs3oq-a3mjxokpkjpu7mqvdsn2nkkadu.datawarehouse.fabric.microsoft.com/busydw | OK | 1 rows
2026-03-29 23:19:46,652 | Worker 7 | ogtvwhepx54elphebnlwohs3oq-a3mjxokpkjpu7mqvdsn2nkkadu.datawarehouse.fabric.microsoft.com/busydw | OK | 1 rows
2026-03-29 23:19:46,807 | Worker 2 | ogtvwhepx54elphebnlwohs3oq-a3mjxokpkjpu7mqvdsn2nkkadu.datawarehouse.fabric.microsoft.com/busydw | OK | 1 rows
2026-03-29 23:19:46,832 | Worker 1 | ogtvwhepx54elphebnlwohs3oq-a3mjxokpkjpu7mqvdsn2nkkadu.datawarehouse.fabric.microsoft.com/busydw | OK | 1 rows
2026-03-29 23:19:46,879 | Worker 9 | ogtvwhepx54elphebnlwohs3oq-a3mjxokpkjpu7mqvdsn2nkkadu.datawarehouse.fabric.microsoft.com/busydw | OK | 1 rows
2026-03-29 23:19:46,923 | Worker 4 | ogtvwhepx54elphebnlwohs3oq-a3mjxokpkjpu7mqvdsn2nkkadu.datawarehouse.fabric.microsoft.com/busydw | OK | 1 rows
2026-03-29 23:19:46,942 | Worker 6 | ogtvwhepx54elphebnlwohs3oq-a3mjxokpkjpu7mqvdsn2nkkadu.datawarehouse.fabric.microsoft.com/busydw | OK | 1 rows
2026-03-29 23:19:47,327 | Worker 8 | ogtvwhepx54elphebnlwohs3oq-a3mjxokpkjpu7mqvdsn2nkkadu.datawarehouse.fabric.microsoft.com/busydw | OK | 1 rows
2026-03-29 23:19:47,542 | Worker 10 | ogtvwhepx54elphebnlwohs3oq-a3mjxokpkjpu7mqvdsn2nkkadu.datawarehouse.fabric.microsoft.com/busydw | OK | 1 rows
2026-03-29 23:19:47,784 | Worker 3 | ogtvwhepx54elphebnlwohs3oq-a3mjxokpkjpu7mqvdsn2nkkadu.datawarehouse.fabric.microsoft.com/busydw | OK | 1 rows
2026-03-29 23:19:47,786 | Worker 7 | ogtvwhepx54elphebnlwohs3oq-a3mjxokpkjpu7mqvdsn2nkkadu.datawarehouse.fabric.microsoft.com/busydw | OK | 1 rows
2026-03-29 23:19:48,045 | Worker 4 | ogtvwhepx54elphebnlwohs3oq-a3mjxokpkjpu7mqvdsn2nkkadu.datawarehouse.fabric.microsoft.com/busydw | OK | 1 rows
2026-03-29 23:19:48,169 | Worker 2 | ogtvwhepx54elphebnlwohs3oq-a3mjxokpkjpu7mqvdsn2nkkadu.datawarehouse.fabric.microsoft.com/busydw | OK | 1 rows
2026-03-29 23:19:48,169 | Worker 1 | ogtvwhepx54elphebnlwohs3oq-a3mjxokpkjpu7mqvdsn2nkkadu.datawarehouse.fabric.microsoft.com/busydw | OK | 1 rows
2026-03-29 23:19:48,224 | Worker 9 | ogtvwhepx54elphebnlwohs3oq-a3mjxokpkjpu7mqvdsn2nkkadu.datawarehouse.fabric.microsoft.com/busydw | OK | 1 rows
2026-03-29 23:19:48,296 | Worker 6 | ogtvwhepx54elphebnlwohs3oq-a3mjxokpkjpu7mqvdsn2nkkadu.datawarehouse.fabric.microsoft.com/busydw | OK | 1 rows
2026-03-29 23:19:48,491 | Worker 5 | ogtvwhepx54elphebnlwohs3oq-a3mjxokpkjpu7mqvdsn2nkkadu.datawarehouse.fabric.microsoft.com/busydw | OK | 1 rows
2026-03-29 23:19:48,660 | Worker 8 | ogtvwhepx54elphebnlwohs3oq-a3mjxokpkjpu7mqvdsn2nkkadu.datawarehouse.fabric.microsoft.com/busydw | OK | 1 rows
2026-03-29 23:19:48,889 | Worker 10 | ogtvwhepx54elphebnlwohs3oq-a3mjxokpkjpu7mqvdsn2nkkadu.datawarehouse.fabric.microsoft.com/busydw | OK | 1 rows
2026-03-29 23:19:49,136 | Worker 3 | ogtvwhepx54elphebnlwohs3oq-a3mjxokpkjpu7mqvdsn2nkkadu.datawarehouse.fabric.microsoft.com/busydw | OK | 1 rows
2026-03-29 23:19:49,152 | Worker 7 | ogtvwhepx54elphebnlwohs3oq-a3mjxokpkjpu7mqvdsn2nkkadu.datawarehouse.fabric.microsoft.com/busydw | OK | 1 rows
2026-03-29 23:19:49,392 | Worker 4 | ogtvwhepx54elphebnlwohs3oq-a3mjxokpkjpu7mqvdsn2nkkadu.datawarehouse.fabric.microsoft.com/busydw | OK | 1 rows
2026-03-29 23:19:49,536 | Worker 2 | ogtvwhepx54elphebnlwohs3oq-a3mjxokpkjpu7mqvdsn2nkkadu.datawarehouse.fabric.microsoft.com/busydw | OK | 1 rows
2026-03-29 23:19:49,557 | Worker 1 | ogtvwhepx54elphebnlwohs3oq-a3mjxokpkjpu7mqvdsn2nkkadu.datawarehouse.fabric.microsoft.com/busydw | OK | 1 rows
2026-03-29 23:19:49,597 | Worker 9 | ogtvwhepx54elphebnlwohs3oq-a3mjxokpkjpu7mqvdsn2nkkadu.datawarehouse.fabric.microsoft.com/busydw | OK | 1 rows
2026-03-29 23:19:49,694 | Worker 6 | ogtvwhepx54elphebnlwohs3oq-a3mjxokpkjpu7mqvdsn2nkkadu.datawarehouse.fabric.microsoft.com/busydw | OK | 1 rows
2026-03-29 23:19:49,900 | Worker 5 | ogtvwhepx54elphebnlwohs3oq-a3mjxokpkjpu7mqvdsn2nkkadu.datawarehouse.fabric.microsoft.com/busydw | OK | 1 rows
2026-03-29 23:19:50,160 | Worker 8 | ogtvwhepx54elphebnlwohs3oq-a3mjxokpkjpu7mqvdsn2nkkadu.datawarehouse.fabric.microsoft.com/busydw | OK | 1 rows
2026-03-29 23:19:50,364 | Worker 10 | ogtvwhepx54elphebnlwohs3oq-a3mjxokpkjpu7mqvdsn2nkkadu.datawarehouse.fabric.microsoft.com/busydw | OK | 1 rows
2026-03-29 23:19:50,572 | Worker 3 | ogtvwhepx54elphebnlwohs3oq-a3mjxokpkjpu7mqvdsn2nkkadu.datawarehouse.fabric.microsoft.com/busydw | OK | 1 rows
2026-03-29 23:19:50,594 | Worker 7 | ogtvwhepx54elphebnlwohs3oq-a3mjxokpkjpu7mqvdsn2nkkadu.datawarehouse.fabric.microsoft.com/busydw | OK | 1 rows
2026-03-29 23:19:50,857 | Worker 4 | ogtvwhepx54elphebnlwohs3oq-a3mjxokpkjpu7mqvdsn2nkkadu.datawarehouse.fabric.microsoft.com/busydw | OK | 1 rows
2026-03-29 23:19:50,873 | Worker 2 | ogtvwhepx54elphebnlwohs3oq-a3mjxokpkjpu7mqvdsn2nkkadu.datawarehouse.fabric.microsoft.com/busydw | OK | 1 rows
2026-03-29 23:19:50,936 | Worker 9 | ogtvwhepx54elphebnlwohs3oq-a3mjxokpkjpu7mqvdsn2nkkadu.datawarehouse.fabric.microsoft.com/busydw | OK | 1 rows
2026-03-29 23:19:51,049 | Worker 6 | ogtvwhepx54elphebnlwohs3oq-a3mjxokpkjpu7mqvdsn2nkkadu.datawarehouse.fabric.microsoft.com/busydw | OK | 1 rows
2026-03-29 23:19:51,049 | Worker 1 | ogtvwhepx54elphebnlwohs3oq-a3mjxokpkjpu7mqvdsn2nkkadu.datawarehouse.fabric.microsoft.com/busydw | OK | 1 rows
2026-03-29 23:19:51,257 | Worker 5 | ogtvwhepx54elphebnlwohs3oq-a3mjxokpkjpu7mqvdsn2nkkadu.datawarehouse.fabric.microsoft.com/busydw | OK | 1 rows
2026-03-29 23:19:51,625 | Worker 8 | ogtvwhepx54elphebnlwohs3oq-a3mjxokpkjpu7mqvdsn2nkkadu.datawarehouse.fabric.microsoft.com/busydw | OK | 1 rows
2026-03-29 23:19:51,722 | Worker 10 | ogtvwhepx54elphebnlwohs3oq-a3mjxokpkjpu7mqvdsn2nkkadu.datawarehouse.fabric.microsoft.com/busydw | OK | 1 rows
2026-03-29 23:19:51,927 | Worker 3 | ogtvwhepx54elphebnlwohs3oq-a3mjxokpkjpu7mqvdsn2nkkadu.datawarehouse.fabric.microsoft.com/busydw | OK | 1 rows
2026-03-29 23:19:51,950 | Worker 7 | ogtvwhepx54elphebnlwohs3oq-a3mjxokpkjpu7mqvdsn2nkkadu.datawarehouse.fabric.microsoft.com/busydw | OK | 1 rows
2026-03-29 23:19:52,309 | Worker 9 | ogtvwhepx54elphebnlwohs3oq-a3mjxokpkjpu7mqvdsn2nkkadu.datawarehouse.fabric.microsoft.com/busydw | OK | 1 rows
2026-03-29 23:19:52,309 | Worker 2 | ogtvwhepx54elphebnlwohs3oq-a3mjxokpkjpu7mqvdsn2nkkadu.datawarehouse.fabric.microsoft.com/busydw | OK | 1 rows
2026-03-29 23:19:52,357 | Worker 4 | ogtvwhepx54elphebnlwohs3oq-a3mjxokpkjpu7mqvdsn2nkkadu.datawarehouse.fabric.microsoft.com/busydw | OK | 1 rows
2026-03-29 23:19:52,437 | Worker 1 | ogtvwhepx54elphebnlwohs3oq-a3mjxokpkjpu7mqvdsn2nkkadu.datawarehouse.fabric.microsoft.com/busydw | OK | 1 rows
2026-03-29 23:19:52,437 | Worker 6 | ogtvwhepx54elphebnlwohs3oq-a3mjxokpkjpu7mqvdsn2nkkadu.datawarehouse.fabric.microsoft.com/busydw | OK | 1 rows
2026-03-29 23:19:52,613 | Worker 5 | ogtvwhepx54elphebnlwohs3oq-a3mjxokpkjpu7mqvdsn2nkkadu.datawarehouse.fabric.microsoft.com/busydw | OK | 1 rows
2026-03-29 23:19:52,963 | Worker 8 | ogtvwhepx54elphebnlwohs3oq-a3mjxokpkjpu7mqvdsn2nkkadu.datawarehouse.fabric.microsoft.com/busydw | OK | 1 rows
2026-03-29 23:19:53,059 | Worker 10 | ogtvwhepx54elphebnlwohs3oq-a3mjxokpkjpu7mqvdsn2nkkadu.datawarehouse.fabric.microsoft.com/busydw | OK | 1 rows
2026-03-29 23:19:53,281 | Worker 3 | ogtvwhepx54elphebnlwohs3oq-a3mjxokpkjpu7mqvdsn2nkkadu.datawarehouse.fabric.microsoft.com/busydw | OK | 1 rows
2026-03-29 23:19:53,281 | Worker 7 | ogtvwhepx54elphebnlwohs3oq-a3mjxokpkjpu7mqvdsn2nkkadu.datawarehouse.fabric.microsoft.com/busydw | OK | 1 rows
2026-03-29 23:19:53,663 | Worker 9 | ogtvwhepx54elphebnlwohs3oq-a3mjxokpkjpu7mqvdsn2nkkadu.datawarehouse.fabric.microsoft.com/busydw | OK | 1 rows
2026-03-29 23:19:53,679 | Worker 2 | ogtvwhepx54elphebnlwohs3oq-a3mjxokpkjpu7mqvdsn2nkkadu.datawarehouse.fabric.microsoft.com/busydw | OK | 1 rows
2026-03-29 23:19:53,679 | Worker 4 | ogtvwhepx54elphebnlwohs3oq-a3mjxokpkjpu7mqvdsn2nkkadu.datawarehouse.fabric.microsoft.com/busydw | OK | 1 rows
2026-03-29 23:19:53,774 | Worker 1 | ogtvwhepx54elphebnlwohs3oq-a3mjxokpkjpu7mqvdsn2nkkadu.datawarehouse.fabric.microsoft.com/busydw | OK | 1 rows
2026-03-29 23:19:53,790 | Worker 6 | ogtvwhepx54elphebnlwohs3oq-a3mjxokpkjpu7mqvdsn2nkkadu.datawarehouse.fabric.microsoft.com/busydw | OK | 1 rows
2026-03-29 23:19:53,965 | Worker 5 | ogtvwhepx54elphebnlwohs3oq-a3mjxokpkjpu7mqvdsn2nkkadu.datawarehouse.fabric.microsoft.com/busydw | OK | 1 rows
2026-03-29 23:19:54,316 | Worker 8 | ogtvwhepx54elphebnlwohs3oq-a3mjxokpkjpu7mqvdsn2nkkadu.datawarehouse.fabric.microsoft.com/busydw | OK | 1 rows
2026-03-29 23:19:54,379 | Worker 10 | ogtvwhepx54elphebnlwohs3oq-a3mjxokpkjpu7mqvdsn2nkkadu.datawarehouse.fabric.microsoft.com/busydw | OK | 1 rows
2026-03-29 23:19:54,634 | Worker 3 | ogtvwhepx54elphebnlwohs3oq-a3mjxokpkjpu7mqvdsn2nkkadu.datawarehouse.fabric.microsoft.com/busydw | OK | 1 rows
2026-03-29 23:19:54,649 | Worker 7 | ogtvwhepx54elphebnlwohs3oq-a3mjxokpkjpu7mqvdsn2nkkadu.datawarehouse.fabric.microsoft.com/busydw | OK | 1 rows
2026-03-29 23:19:54,820 | Worker 9 | ogtvwhepx54elphebnlwohs3oq-a3mjxokpkjpu7mqvdsn2nkkadu.datawarehouse.fabric.microsoft.com/busydw | OK | 1 rows
2026-03-29 23:19:54,839 | Worker 2 | ogtvwhepx54elphebnlwohs3oq-a3mjxokpkjpu7mqvdsn2nkkadu.datawarehouse.fabric.microsoft.com/busydw | OK | 1 rows
2026-03-29 23:19:55,063 | Worker 4 | ogtvwhepx54elphebnlwohs3oq-a3mjxokpkjpu7mqvdsn2nkkadu.datawarehouse.fabric.microsoft.com/busydw | OK | 1 rows
2026-03-29 23:19:55,175 | Worker 1 | ogtvwhepx54elphebnlwohs3oq-a3mjxokpkjpu7mqvdsn2nkkadu.datawarehouse.fabric.microsoft.com/busydw | OK | 1 rows
2026-03-29 23:19:55,191 | Worker 6 | ogtvwhepx54elphebnlwohs3oq-a3mjxokpkjpu7mqvdsn2nkkadu.datawarehouse.fabric.microsoft.com/busydw | OK | 1 rows
2026-03-29 23:19:55,342 | Worker 5 | ogtvwhepx54elphebnlwohs3oq-a3mjxokpkjpu7mqvdsn2nkkadu.datawarehouse.fabric.microsoft.com/busydw | OK | 1 rows
2026-03-29 23:19:55,706 | Worker 8 | ogtvwhepx54elphebnlwohs3oq-a3mjxokpkjpu7mqvdsn2nkkadu.datawarehouse.fabric.microsoft.com/busydw | OK | 1 rows
2026-03-29 23:19:55,765 | Worker 10 | ogtvwhepx54elphebnlwohs3oq-a3mjxokpkjpu7mqvdsn2nkkadu.datawarehouse.fabric.microsoft.com/busydw | OK | 1 rows
2026-03-29 23:19:56,006 | Worker 7 | ogtvwhepx54elphebnlwohs3oq-a3mjxokpkjpu7mqvdsn2nkkadu.datawarehouse.fabric.microsoft.com/busydw | OK | 1 rows
2026-03-29 23:19:56,006 | Worker 3 | ogtvwhepx54elphebnlwohs3oq-a3mjxokpkjpu7mqvdsn2nkkadu.datawarehouse.fabric.microsoft.com/busydw | OK | 1 rows
2026-03-29 23:19:56,184 | Worker 9 | ogtvwhepx54elphebnlwohs3oq-a3mjxokpkjpu7mqvdsn2nkkadu.datawarehouse.fabric.microsoft.com/busydw | OK | 1 rows
2026-03-29 23:19:56,189 | Worker 2 | ogtvwhepx54elphebnlwohs3oq-a3mjxokpkjpu7mqvdsn2nkkadu.datawarehouse.fabric.microsoft.com/busydw | OK | 1 rows
2026-03-29 23:19:56,433 | Worker 4 | ogtvwhepx54elphebnlwohs3oq-a3mjxokpkjpu7mqvdsn2nkkadu.datawarehouse.fabric.microsoft.com/busydw | OK | 1 rows
2026-03-29 23:19:56,544 | Worker 6 | ogtvwhepx54elphebnlwohs3oq-a3mjxokpkjpu7mqvdsn2nkkadu.datawarehouse.fabric.microsoft.com/busydw | OK | 1 rows
2026-03-29 23:19:56,544 | Worker 1 | ogtvwhepx54elphebnlwohs3oq-a3mjxokpkjpu7mqvdsn2nkkadu.datawarehouse.fabric.microsoft.com/busydw | OK | 1 rows
2026-03-29 23:19:56,710 | Worker 5 | ogtvwhepx54elphebnlwohs3oq-a3mjxokpkjpu7mqvdsn2nkkadu.datawarehouse.fabric.microsoft.com/busydw | OK | 1 rows
2026-03-29 23:19:57,068 | Worker 8 | ogtvwhepx54elphebnlwohs3oq-a3mjxokpkjpu7mqvdsn2nkkadu.datawarehouse.fabric.microsoft.com/busydw | OK | 1 rows
2026-03-29 23:19:57,148 | Worker 10 | ogtvwhepx54elphebnlwohs3oq-a3mjxokpkjpu7mqvdsn2nkkadu.datawarehouse.fabric.microsoft.com/busydw | OK | 1 rows
2026-03-29 23:19:57,354 | Worker 7 | ogtvwhepx54elphebnlwohs3oq-a3mjxokpkjpu7mqvdsn2nkkadu.datawarehouse.fabric.microsoft.com/busydw | OK | 1 rows
2026-03-29 23:19:57,372 | Worker 3 | ogtvwhepx54elphebnlwohs3oq-a3mjxokpkjpu7mqvdsn2nkkadu.datawarehouse.fabric.microsoft.com/busydw | OK | 1 rows
2026-03-29 23:19:57,539 | Worker 2 | ogtvwhepx54elphebnlwohs3oq-a3mjxokpkjpu7mqvdsn2nkkadu.datawarehouse.fabric.microsoft.com/busydw | OK | 1 rows
2026-03-29 23:19:57,539 | Worker 9 | ogtvwhepx54elphebnlwohs3oq-a3mjxokpkjpu7mqvdsn2nkkadu.datawarehouse.fabric.microsoft.com/busydw | OK | 1 rows
2026-03-29 23:19:57,800 | Worker 4 | ogtvwhepx54elphebnlwohs3oq-a3mjxokpkjpu7mqvdsn2nkkadu.datawarehouse.fabric.microsoft.com/busydw | OK | 1 rows
2026-03-29 23:19:57,924 | Worker 6 | ogtvwhepx54elphebnlwohs3oq-a3mjxokpkjpu7mqvdsn2nkkadu.datawarehouse.fabric.microsoft.com/busydw | OK | 1 rows
2026-03-29 23:19:57,926 | Worker 1 | ogtvwhepx54elphebnlwohs3oq-a3mjxokpkjpu7mqvdsn2nkkadu.datawarehouse.fabric.microsoft.com/busydw | OK | 1 rows
2026-03-29 23:19:58,158 | Worker 5 | ogtvwhepx54elphebnlwohs3oq-a3mjxokpkjpu7mqvdsn2nkkadu.datawarehouse.fabric.microsoft.com/busydw | OK | 1 rows
2026-03-29 23:19:58,448 | Worker 8 | ogtvwhepx54elphebnlwohs3oq-a3mjxokpkjpu7mqvdsn2nkkadu.datawarehouse.fabric.microsoft.com/busydw | OK | 1 rows
2026-03-29 23:19:58,512 | Worker 10 | ogtvwhepx54elphebnlwohs3oq-a3mjxokpkjpu7mqvdsn2nkkadu.datawarehouse.fabric.microsoft.com/busydw | OK | 1 rows
2026-03-29 23:19:58,718 | Worker 7 | ogtvwhepx54elphebnlwohs3oq-a3mjxokpkjpu7mqvdsn2nkkadu.datawarehouse.fabric.microsoft.com/busydw | OK | 1 rows
2026-03-29 23:19:58,718 | Worker 3 | ogtvwhepx54elphebnlwohs3oq-a3mjxokpkjpu7mqvdsn2nkkadu.datawarehouse.fabric.microsoft.com/busydw | OK | 1 rows
2026-03-29 23:19:58,909 | Worker 9 | ogtvwhepx54elphebnlwohs3oq-a3mjxokpkjpu7mqvdsn2nkkadu.datawarehouse.fabric.microsoft.com/busydw | OK | 1 rows
2026-03-29 23:19:58,911 | Worker 2 | ogtvwhepx54elphebnlwohs3oq-a3mjxokpkjpu7mqvdsn2nkkadu.datawarehouse.fabric.microsoft.com/busydw | OK | 1 rows
2026-03-29 23:19:59,205 | Worker 4 | ogtvwhepx54elphebnlwohs3oq-a3mjxokpkjpu7mqvdsn2nkkadu.datawarehouse.fabric.microsoft.com/busydw | OK | 1 rows
2026-03-29 23:19:59,305 | Worker 1 | ogtvwhepx54elphebnlwohs3oq-a3mjxokpkjpu7mqvdsn2nkkadu.datawarehouse.fabric.microsoft.com/busydw | OK | 1 rows
2026-03-29 23:19:59,305 | Worker 6 | ogtvwhepx54elphebnlwohs3oq-a3mjxokpkjpu7mqvdsn2nkkadu.datawarehouse.fabric.microsoft.com/busydw | OK | 1 rows
2026-03-29 23:19:59,513 | Worker 5 | ogtvwhepx54elphebnlwohs3oq-a3mjxokpkjpu7mqvdsn2nkkadu.datawarehouse.fabric.microsoft.com/busydw | OK | 1 rows
2026-03-29 23:19:59,830 | Worker 8 | ogtvwhepx54elphebnlwohs3oq-a3mjxokpkjpu7mqvdsn2nkkadu.datawarehouse.fabric.microsoft.com/busydw | OK | 1 rows
2026-03-29 23:19:59,910 | Worker 10 | ogtvwhepx54elphebnlwohs3oq-a3mjxokpkjpu7mqvdsn2nkkadu.datawarehouse.fabric.microsoft.com/busydw | OK | 1 rows
2026-03-29 23:20:00,207 | Worker 7 | ogtvwhepx54elphebnlwohs3oq-a3mjxokpkjpu7mqvdsn2nkkadu.datawarehouse.fabric.microsoft.com/busydw | OK | 1 rows
2026-03-29 23:20:00,217 | Worker 3 | ogtvwhepx54elphebnlwohs3oq-a3mjxokpkjpu7mqvdsn2nkkadu.datawarehouse.fabric.microsoft.com/busydw | OK | 1 rows
2026-03-29 23:20:00,580 | Worker 2 | ogtvwhepx54elphebnlwohs3oq-a3mjxokpkjpu7mqvdsn2nkkadu.datawarehouse.fabric.microsoft.com/busydw | OK | 1 rows
2026-03-29 23:20:00,666 | Worker 1 | ogtvwhepx54elphebnlwohs3oq-a3mjxokpkjpu7mqvdsn2nkkadu.datawarehouse.fabric.microsoft.com/busydw | OK | 1 rows
2026-03-29 23:20:00,787 | Worker 6 | ogtvwhepx54elphebnlwohs3oq-a3mjxokpkjpu7mqvdsn2nkkadu.datawarehouse.fabric.microsoft.com/busydw | OK | 1 rows
2026-03-29 23:20:00,930 | Worker 4 | ogtvwhepx54elphebnlwohs3oq-a3mjxokpkjpu7mqvdsn2nkkadu.datawarehouse.fabric.microsoft.com/busydw | OK | 1 rows
2026-03-29 23:20:00,946 | Worker 9 | ogtvwhepx54elphebnlwohs3oq-a3mjxokpkjpu7mqvdsn2nkkadu.datawarehouse.fabric.microsoft.com/busydw | OK | 1 rows
2026-03-29 23:20:00,984 | Worker 5 | ogtvwhepx54elphebnlwohs3oq-a3mjxokpkjpu7mqvdsn2nkkadu.datawarehouse.fabric.microsoft.com/busydw | OK | 1 rows
2026-03-29 23:20:01,202 | Worker 8 | ogtvwhepx54elphebnlwohs3oq-a3mjxokpkjpu7mqvdsn2nkkadu.datawarehouse.fabric.microsoft.com/busydw | OK | 1 rows
2026-03-29 23:20:01,250 | Worker 10 | ogtvwhepx54elphebnlwohs3oq-a3mjxokpkjpu7mqvdsn2nkkadu.datawarehouse.fabric.microsoft.com/busydw | OK | 1 rows
2026-03-29 23:20:01,585 | Worker 3 | ogtvwhepx54elphebnlwohs3oq-a3mjxokpkjpu7mqvdsn2nkkadu.datawarehouse.fabric.microsoft.com/busydw | OK | 1 rows
2026-03-29 23:20:01,697 | Worker 7 | ogtvwhepx54elphebnlwohs3oq-a3mjxokpkjpu7mqvdsn2nkkadu.datawarehouse.fabric.microsoft.com/busydw | OK | 1 rows
2026-03-29 23:20:01,776 | Worker 1 | ogtvwhepx54elphebnlwohs3oq-a3mjxokpkjpu7mqvdsn2nkkadu.datawarehouse.fabric.microsoft.com/busydw | OK | 1 rows
2026-03-29 23:20:01,968 | Worker 2 | ogtvwhepx54elphebnlwohs3oq-a3mjxokpkjpu7mqvdsn2nkkadu.datawarehouse.fabric.microsoft.com/busydw | OK | 1 rows
2026-03-29 23:20:02,159 | Worker 6 | ogtvwhepx54elphebnlwohs3oq-a3mjxokpkjpu7mqvdsn2nkkadu.datawarehouse.fabric.microsoft.com/busydw | OK | 1 rows
2026-03-29 23:20:02,318 | Worker 5 | ogtvwhepx54elphebnlwohs3oq-a3mjxokpkjpu7mqvdsn2nkkadu.datawarehouse.fabric.microsoft.com/busydw | OK | 1 rows
2026-03-29 23:20:02,318 | Worker 4 | ogtvwhepx54elphebnlwohs3oq-a3mjxokpkjpu7mqvdsn2nkkadu.datawarehouse.fabric.microsoft.com/busydw | OK | 1 rows
2026-03-29 23:20:02,318 | Worker 9 | ogtvwhepx54elphebnlwohs3oq-a3mjxokpkjpu7mqvdsn2nkkadu.datawarehouse.fabric.microsoft.com/busydw | OK | 1 rows
2026-03-29 23:20:02,558 | Worker 8 | ogtvwhepx54elphebnlwohs3oq-a3mjxokpkjpu7mqvdsn2nkkadu.datawarehouse.fabric.microsoft.com/busydw | OK | 1 rows
2026-03-29 23:20:02,623 | Worker 10 | ogtvwhepx54elphebnlwohs3oq-a3mjxokpkjpu7mqvdsn2nkkadu.datawarehouse.fabric.microsoft.com/busydw | OK | 1 rows
2026-03-29 23:20:03,070 | Worker 3 | ogtvwhepx54elphebnlwohs3oq-a3mjxokpkjpu7mqvdsn2nkkadu.datawarehouse.fabric.microsoft.com/busydw | OK | 1 rows
2026-03-29 23:20:03,090 | Worker 7 | ogtvwhepx54elphebnlwohs3oq-a3mjxokpkjpu7mqvdsn2nkkadu.datawarehouse.fabric.microsoft.com/busydw | OK | 1 rows
2026-03-29 23:20:03,176 | Worker 1 | ogtvwhepx54elphebnlwohs3oq-a3mjxokpkjpu7mqvdsn2nkkadu.datawarehouse.fabric.microsoft.com/busydw | OK | 1 rows
2026-03-29 23:20:03,341 | Worker 2 | ogtvwhepx54elphebnlwohs3oq-a3mjxokpkjpu7mqvdsn2nkkadu.datawarehouse.fabric.microsoft.com/busydw | OK | 1 rows
2026-03-29 23:20:03,532 | Worker 6 | ogtvwhepx54elphebnlwohs3oq-a3mjxokpkjpu7mqvdsn2nkkadu.datawarehouse.fabric.microsoft.com/busydw | OK | 1 rows
2026-03-29 23:20:03,676 | Worker 9 | ogtvwhepx54elphebnlwohs3oq-a3mjxokpkjpu7mqvdsn2nkkadu.datawarehouse.fabric.microsoft.com/busydw | OK | 1 rows
2026-03-29 23:20:03,692 | Worker 8 | ogtvwhepx54elphebnlwohs3oq-a3mjxokpkjpu7mqvdsn2nkkadu.datawarehouse.fabric.microsoft.com/busydw | OK | 1 rows
2026-03-29 23:20:03,692 | Worker 5 | ogtvwhepx54elphebnlwohs3oq-a3mjxokpkjpu7mqvdsn2nkkadu.datawarehouse.fabric.microsoft.com/busydw | OK | 1 rows
2026-03-29 23:20:03,692 | Worker 4 | ogtvwhepx54elphebnlwohs3oq-a3mjxokpkjpu7mqvdsn2nkkadu.datawarehouse.fabric.microsoft.com/busydw | OK | 1 rows
2026-03-29 23:20:04,097 | Worker 10 | ogtvwhepx54elphebnlwohs3oq-a3mjxokpkjpu7mqvdsn2nkkadu.datawarehouse.fabric.microsoft.com/busydw | OK | 1 rows
2026-03-29 23:20:04,700 | Worker 3 | ogtvwhepx54elphebnlwohs3oq-a3mjxokpkjpu7mqvdsn2nkkadu.datawarehouse.fabric.microsoft.com/busydw | OK | 1 rows
2026-03-29 23:20:04,726 | Worker 7 | ogtvwhepx54elphebnlwohs3oq-a3mjxokpkjpu7mqvdsn2nkkadu.datawarehouse.fabric.microsoft.com/busydw | OK | 1 rows
2026-03-29 23:20:04,806 | Worker 5 | ogtvwhepx54elphebnlwohs3oq-a3mjxokpkjpu7mqvdsn2nkkadu.datawarehouse.fabric.microsoft.com/busydw | OK | 1 rows
2026-03-29 23:20:04,823 | Worker 1 | ogtvwhepx54elphebnlwohs3oq-a3mjxokpkjpu7mqvdsn2nkkadu.datawarehouse.fabric.microsoft.com/busydw | OK | 1 rows
2026-03-29 23:20:04,917 | Worker 2 | ogtvwhepx54elphebnlwohs3oq-a3mjxokpkjpu7mqvdsn2nkkadu.datawarehouse.fabric.microsoft.com/busydw | OK | 1 rows
2026-03-29 23:20:04,954 | Worker 6 | ogtvwhepx54elphebnlwohs3oq-a3mjxokpkjpu7mqvdsn2nkkadu.datawarehouse.fabric.microsoft.com/busydw | OK | 1 rows
2026-03-29 23:20:05,061 | Worker 4 | ogtvwhepx54elphebnlwohs3oq-a3mjxokpkjpu7mqvdsn2nkkadu.datawarehouse.fabric.microsoft.com/busydw | OK | 1 rows
2026-03-29 23:20:05,061 | Worker 9 | ogtvwhepx54elphebnlwohs3oq-a3mjxokpkjpu7mqvdsn2nkkadu.datawarehouse.fabric.microsoft.com/busydw | OK | 1 rows
2026-03-29 23:20:05,061 | Worker 8 | ogtvwhepx54elphebnlwohs3oq-a3mjxokpkjpu7mqvdsn2nkkadu.datawarehouse.fabric.microsoft.com/busydw | OK | 1 rows
2026-03-29 23:20:05,492 | Worker 10 | ogtvwhepx54elphebnlwohs3oq-a3mjxokpkjpu7mqvdsn2nkkadu.datawarehouse.fabric.microsoft.com/busydw | OK | 1 rows
2026-03-29 23:20:05,827 | Worker 3 | ogtvwhepx54elphebnlwohs3oq-a3mjxokpkjpu7mqvdsn2nkkadu.datawarehouse.fabric.microsoft.com/busydw | OK | 1 rows
2026-03-29 23:20:06,096 | Worker 7 | ogtvwhepx54elphebnlwohs3oq-a3mjxokpkjpu7mqvdsn2nkkadu.datawarehouse.fabric.microsoft.com/busydw | OK | 1 rows
2026-03-29 23:20:06,187 | Worker 5 | ogtvwhepx54elphebnlwohs3oq-a3mjxokpkjpu7mqvdsn2nkkadu.datawarehouse.fabric.microsoft.com/busydw | OK | 1 rows
2026-03-29 23:20:06,187 | Worker 1 | ogtvwhepx54elphebnlwohs3oq-a3mjxokpkjpu7mqvdsn2nkkadu.datawarehouse.fabric.microsoft.com/busydw | OK | 1 rows
2026-03-29 23:20:06,291 | Worker 2 | ogtvwhepx54elphebnlwohs3oq-a3mjxokpkjpu7mqvdsn2nkkadu.datawarehouse.fabric.microsoft.com/busydw | OK | 1 rows
2026-03-29 23:20:06,334 | Worker 6 | ogtvwhepx54elphebnlwohs3oq-a3mjxokpkjpu7mqvdsn2nkkadu.datawarehouse.fabric.microsoft.com/busydw | OK | 1 rows
2026-03-29 23:20:06,430 | Worker 9 | ogtvwhepx54elphebnlwohs3oq-a3mjxokpkjpu7mqvdsn2nkkadu.datawarehouse.fabric.microsoft.com/busydw | OK | 1 rows
2026-03-29 23:20:06,446 | Worker 8 | ogtvwhepx54elphebnlwohs3oq-a3mjxokpkjpu7mqvdsn2nkkadu.datawarehouse.fabric.microsoft.com/busydw | OK | 1 rows
2026-03-29 23:20:06,446 | Worker 4 | ogtvwhepx54elphebnlwohs3oq-a3mjxokpkjpu7mqvdsn2nkkadu.datawarehouse.fabric.microsoft.com/busydw | OK | 1 rows
2026-03-29 23:20:07,110 | Worker 10 | ogtvwhepx54elphebnlwohs3oq-a3mjxokpkjpu7mqvdsn2nkkadu.datawarehouse.fabric.microsoft.com/busydw | OK | 1 rows
2026-03-29 23:20:07,231 | Worker 3 | ogtvwhepx54elphebnlwohs3oq-a3mjxokpkjpu7mqvdsn2nkkadu.datawarehouse.fabric.microsoft.com/busydw | OK | 1 rows
2026-03-29 23:20:07,310 | Worker 5 | ogtvwhepx54elphebnlwohs3oq-a3mjxokpkjpu7mqvdsn2nkkadu.datawarehouse.fabric.microsoft.com/busydw | OK | 1 rows
2026-03-29 23:20:07,310 | Worker 1 | ogtvwhepx54elphebnlwohs3oq-a3mjxokpkjpu7mqvdsn2nkkadu.datawarehouse.fabric.microsoft.com/busydw | OK | 1 rows
2026-03-29 23:20:07,443 | Worker 7 | ogtvwhepx54elphebnlwohs3oq-a3mjxokpkjpu7mqvdsn2nkkadu.datawarehouse.fabric.microsoft.com/busydw | OK | 1 rows
2026-03-29 23:20:07,800 | Worker 9 | ogtvwhepx54elphebnlwohs3oq-a3mjxokpkjpu7mqvdsn2nkkadu.datawarehouse.fabric.microsoft.com/busydw | OK | 1 rows
2026-03-29 23:20:07,800 | Worker 8 | ogtvwhepx54elphebnlwohs3oq-a3mjxokpkjpu7mqvdsn2nkkadu.datawarehouse.fabric.microsoft.com/busydw | OK | 1 rows
2026-03-29 23:20:07,800 | Worker 6 | ogtvwhepx54elphebnlwohs3oq-a3mjxokpkjpu7mqvdsn2nkkadu.datawarehouse.fabric.microsoft.com/busydw | OK | 1 rows
2026-03-29 23:20:07,800 | Worker 2 | ogtvwhepx54elphebnlwohs3oq-a3mjxokpkjpu7mqvdsn2nkkadu.datawarehouse.fabric.microsoft.com/busydw | OK | 1 rows
2026-03-29 23:20:07,896 | Worker 4 | ogtvwhepx54elphebnlwohs3oq-a3mjxokpkjpu7mqvdsn2nkkadu.datawarehouse.fabric.microsoft.com/busydw | OK | 1 rows
2026-03-29 23:20:08,454 | Worker 10 | ogtvwhepx54elphebnlwohs3oq-a3mjxokpkjpu7mqvdsn2nkkadu.datawarehouse.fabric.microsoft.com/busydw | OK | 1 rows
2026-03-29 23:20:08,661 | Worker 3 | ogtvwhepx54elphebnlwohs3oq-a3mjxokpkjpu7mqvdsn2nkkadu.datawarehouse.fabric.microsoft.com/busydw | OK | 1 rows
2026-03-29 23:20:08,725 | Worker 5 | ogtvwhepx54elphebnlwohs3oq-a3mjxokpkjpu7mqvdsn2nkkadu.datawarehouse.fabric.microsoft.com/busydw | OK | 1 rows
2026-03-29 23:20:08,725 | Worker 1 | ogtvwhepx54elphebnlwohs3oq-a3mjxokpkjpu7mqvdsn2nkkadu.datawarehouse.fabric.microsoft.com/busydw | OK | 1 rows
2026-03-29 23:20:08,822 | Worker 7 | ogtvwhepx54elphebnlwohs3oq-a3mjxokpkjpu7mqvdsn2nkkadu.datawarehouse.fabric.microsoft.com/busydw | OK | 1 rows
2026-03-29 23:20:08,929 | Worker 9 | ogtvwhepx54elphebnlwohs3oq-a3mjxokpkjpu7mqvdsn2nkkadu.datawarehouse.fabric.microsoft.com/busydw | OK | 1 rows
2026-03-29 23:20:09,155 | Worker 6 | ogtvwhepx54elphebnlwohs3oq-a3mjxokpkjpu7mqvdsn2nkkadu.datawarehouse.fabric.microsoft.com/busydw | OK | 1 rows
2026-03-29 23:20:09,155 | Worker 2 | ogtvwhepx54elphebnlwohs3oq-a3mjxokpkjpu7mqvdsn2nkkadu.datawarehouse.fabric.microsoft.com/busydw | OK | 1 rows
2026-03-29 23:20:09,171 | Worker 8 | ogtvwhepx54elphebnlwohs3oq-a3mjxokpkjpu7mqvdsn2nkkadu.datawarehouse.fabric.microsoft.com/busydw | OK | 1 rows
2026-03-29 23:20:09,256 | Worker 4 | ogtvwhepx54elphebnlwohs3oq-a3mjxokpkjpu7mqvdsn2nkkadu.datawarehouse.fabric.microsoft.com/busydw | OK | 1 rows
2026-03-29 23:20:09,814 | Worker 10 | ogtvwhepx54elphebnlwohs3oq-a3mjxokpkjpu7mqvdsn2nkkadu.datawarehouse.fabric.microsoft.com/busydw | OK | 1 rows
2026-03-29 23:20:10,046 | Worker 3 | ogtvwhepx54elphebnlwohs3oq-a3mjxokpkjpu7mqvdsn2nkkadu.datawarehouse.fabric.microsoft.com/busydw | OK | 1 rows
2026-03-29 23:20:10,072 | Worker 5 | ogtvwhepx54elphebnlwohs3oq-a3mjxokpkjpu7mqvdsn2nkkadu.datawarehouse.fabric.microsoft.com/busydw | OK | 1 rows
2026-03-29 23:20:10,072 | Worker 1 | ogtvwhepx54elphebnlwohs3oq-a3mjxokpkjpu7mqvdsn2nkkadu.datawarehouse.fabric.microsoft.com/busydw | OK | 1 rows
2026-03-29 23:20:10,166 | Worker 7 | ogtvwhepx54elphebnlwohs3oq-a3mjxokpkjpu7mqvdsn2nkkadu.datawarehouse.fabric.microsoft.com/busydw | OK | 1 rows
2026-03-29 23:20:10,418 | Worker 9 | ogtvwhepx54elphebnlwohs3oq-a3mjxokpkjpu7mqvdsn2nkkadu.datawarehouse.fabric.microsoft.com/busydw | OK | 1 rows
2026-03-29 23:20:10,508 | Worker 2 | ogtvwhepx54elphebnlwohs3oq-a3mjxokpkjpu7mqvdsn2nkkadu.datawarehouse.fabric.microsoft.com/busydw | OK | 1 rows
2026-03-29 23:20:10,508 | Worker 8 | ogtvwhepx54elphebnlwohs3oq-a3mjxokpkjpu7mqvdsn2nkkadu.datawarehouse.fabric.microsoft.com/busydw | OK | 1 rows
2026-03-29 23:20:10,508 | Worker 6 | ogtvwhepx54elphebnlwohs3oq-a3mjxokpkjpu7mqvdsn2nkkadu.datawarehouse.fabric.microsoft.com/busydw | OK | 1 rows
2026-03-29 23:20:10,587 | Worker 4 | ogtvwhepx54elphebnlwohs3oq-a3mjxokpkjpu7mqvdsn2nkkadu.datawarehouse.fabric.microsoft.com/busydw | OK | 1 rows
2026-03-29 23:20:10,924 | Worker 10 | ogtvwhepx54elphebnlwohs3oq-a3mjxokpkjpu7mqvdsn2nkkadu.datawarehouse.fabric.microsoft.com/busydw | OK | 1 rows
2026-03-29 23:20:11,155 | Worker 3 | ogtvwhepx54elphebnlwohs3oq-a3mjxokpkjpu7mqvdsn2nkkadu.datawarehouse.fabric.microsoft.com/busydw | OK | 1 rows
2026-03-29 23:20:11,537 | Worker 7 | ogtvwhepx54elphebnlwohs3oq-a3mjxokpkjpu7mqvdsn2nkkadu.datawarehouse.fabric.microsoft.com/busydw | OK | 1 rows
2026-03-29 23:20:11,537 | Worker 5 | ogtvwhepx54elphebnlwohs3oq-a3mjxokpkjpu7mqvdsn2nkkadu.datawarehouse.fabric.microsoft.com/busydw | OK | 1 rows
2026-03-29 23:20:11,539 | Worker 1 | ogtvwhepx54elphebnlwohs3oq-a3mjxokpkjpu7mqvdsn2nkkadu.datawarehouse.fabric.microsoft.com/busydw | OK | 1 rows
2026-03-29 23:20:11,828 | Worker 9 | ogtvwhepx54elphebnlwohs3oq-a3mjxokpkjpu7mqvdsn2nkkadu.datawarehouse.fabric.microsoft.com/busydw | OK | 1 rows
2026-03-29 23:20:11,881 | Worker 8 | ogtvwhepx54elphebnlwohs3oq-a3mjxokpkjpu7mqvdsn2nkkadu.datawarehouse.fabric.microsoft.com/busydw | OK | 1 rows
2026-03-29 23:20:11,897 | Worker 2 | ogtvwhepx54elphebnlwohs3oq-a3mjxokpkjpu7mqvdsn2nkkadu.datawarehouse.fabric.microsoft.com/busydw | OK | 1 rows
2026-03-29 23:20:11,907 | Worker 6 | ogtvwhepx54elphebnlwohs3oq-a3mjxokpkjpu7mqvdsn2nkkadu.datawarehouse.fabric.microsoft.com/busydw | OK | 1 rows
2026-03-29 23:20:11,977 | Worker 4 | ogtvwhepx54elphebnlwohs3oq-a3mjxokpkjpu7mqvdsn2nkkadu.datawarehouse.fabric.microsoft.com/busydw | OK | 1 rows
2026-03-29 23:20:12,297 | Worker 10 | ogtvwhepx54elphebnlwohs3oq-a3mjxokpkjpu7mqvdsn2nkkadu.datawarehouse.fabric.microsoft.com/busydw | OK | 1 rows
2026-03-29 23:20:12,521 | Worker 3 | ogtvwhepx54elphebnlwohs3oq-a3mjxokpkjpu7mqvdsn2nkkadu.datawarehouse.fabric.microsoft.com/busydw | OK | 1 rows
2026-03-29 23:20:12,873 | Worker 1 | ogtvwhepx54elphebnlwohs3oq-a3mjxokpkjpu7mqvdsn2nkkadu.datawarehouse.fabric.microsoft.com/busydw | OK | 1 rows
2026-03-29 23:20:12,882 | Worker 5 | ogtvwhepx54elphebnlwohs3oq-a3mjxokpkjpu7mqvdsn2nkkadu.datawarehouse.fabric.microsoft.com/busydw | OK | 1 rows
2026-03-29 23:20:12,889 | Worker 7 | ogtvwhepx54elphebnlwohs3oq-a3mjxokpkjpu7mqvdsn2nkkadu.datawarehouse.fabric.microsoft.com/busydw | OK | 1 rows
2026-03-29 23:20:12,937 | Worker 9 | ogtvwhepx54elphebnlwohs3oq-a3mjxokpkjpu7mqvdsn2nkkadu.datawarehouse.fabric.microsoft.com/busydw | OK | 1 rows
2026-03-29 23:20:13,254 | Worker 8 | ogtvwhepx54elphebnlwohs3oq-a3mjxokpkjpu7mqvdsn2nkkadu.datawarehouse.fabric.microsoft.com/busydw | OK | 1 rows
2026-03-29 23:20:13,270 | Worker 2 | ogtvwhepx54elphebnlwohs3oq-a3mjxokpkjpu7mqvdsn2nkkadu.datawarehouse.fabric.microsoft.com/busydw | OK | 1 rows
2026-03-29 23:20:13,270 | Worker 6 | ogtvwhepx54elphebnlwohs3oq-a3mjxokpkjpu7mqvdsn2nkkadu.datawarehouse.fabric.microsoft.com/busydw | OK | 1 rows
2026-03-29 23:20:13,318 | Worker 4 | ogtvwhepx54elphebnlwohs3oq-a3mjxokpkjpu7mqvdsn2nkkadu.datawarehouse.fabric.microsoft.com/busydw | OK | 1 rows
2026-03-29 23:20:13,653 | Worker 10 | ogtvwhepx54elphebnlwohs3oq-a3mjxokpkjpu7mqvdsn2nkkadu.datawarehouse.fabric.microsoft.com/busydw | OK | 1 rows
2026-03-29 23:20:13,898 | Worker 3 | ogtvwhepx54elphebnlwohs3oq-a3mjxokpkjpu7mqvdsn2nkkadu.datawarehouse.fabric.microsoft.com/busydw | OK | 1 rows
2026-03-29 23:20:14,307 | Worker 9 | ogtvwhepx54elphebnlwohs3oq-a3mjxokpkjpu7mqvdsn2nkkadu.datawarehouse.fabric.microsoft.com/busydw | OK | 1 rows
2026-03-29 23:20:14,330 | Worker 1 | ogtvwhepx54elphebnlwohs3oq-a3mjxokpkjpu7mqvdsn2nkkadu.datawarehouse.fabric.microsoft.com/busydw | OK | 1 rows
2026-03-29 23:20:14,330 | Worker 7 | ogtvwhepx54elphebnlwohs3oq-a3mjxokpkjpu7mqvdsn2nkkadu.datawarehouse.fabric.microsoft.com/busydw | OK | 1 rows
2026-03-29 23:20:14,339 | Worker 5 | ogtvwhepx54elphebnlwohs3oq-a3mjxokpkjpu7mqvdsn2nkkadu.datawarehouse.fabric.microsoft.com/busydw | OK | 1 rows
2026-03-29 23:20:14,624 | Worker 2 | ogtvwhepx54elphebnlwohs3oq-a3mjxokpkjpu7mqvdsn2nkkadu.datawarehouse.fabric.microsoft.com/busydw | OK | 1 rows
2026-03-29 23:20:14,656 | Worker 8 | ogtvwhepx54elphebnlwohs3oq-a3mjxokpkjpu7mqvdsn2nkkadu.datawarehouse.fabric.microsoft.com/busydw | OK | 1 rows
2026-03-29 23:20:14,688 | Worker 6 | ogtvwhepx54elphebnlwohs3oq-a3mjxokpkjpu7mqvdsn2nkkadu.datawarehouse.fabric.microsoft.com/busydw | OK | 1 rows
2026-03-29 23:20:14,720 | Worker 4 | ogtvwhepx54elphebnlwohs3oq-a3mjxokpkjpu7mqvdsn2nkkadu.datawarehouse.fabric.microsoft.com/busydw | OK | 1 rows
2026-03-29 23:20:15,085 | Worker 10 | ogtvwhepx54elphebnlwohs3oq-a3mjxokpkjpu7mqvdsn2nkkadu.datawarehouse.fabric.microsoft.com/busydw | OK | 1 rows
2026-03-29 23:20:15,309 | Worker 3 | ogtvwhepx54elphebnlwohs3oq-a3mjxokpkjpu7mqvdsn2nkkadu.datawarehouse.fabric.microsoft.com/busydw | OK | 1 rows
2026-03-29 23:20:15,658 | Worker 1 | ogtvwhepx54elphebnlwohs3oq-a3mjxokpkjpu7mqvdsn2nkkadu.datawarehouse.fabric.microsoft.com/busydw | OK | 1 rows
2026-03-29 23:20:15,676 | Worker 9 | ogtvwhepx54elphebnlwohs3oq-a3mjxokpkjpu7mqvdsn2nkkadu.datawarehouse.fabric.microsoft.com/busydw | OK | 1 rows
2026-03-29 23:20:15,676 | Worker 5 | ogtvwhepx54elphebnlwohs3oq-a3mjxokpkjpu7mqvdsn2nkkadu.datawarehouse.fabric.microsoft.com/busydw | OK | 1 rows
2026-03-29 23:20:15,692 | Worker 7 | ogtvwhepx54elphebnlwohs3oq-a3mjxokpkjpu7mqvdsn2nkkadu.datawarehouse.fabric.microsoft.com/busydw | OK | 1 rows
2026-03-29 23:20:15,992 | Worker 2 | ogtvwhepx54elphebnlwohs3oq-a3mjxokpkjpu7mqvdsn2nkkadu.datawarehouse.fabric.microsoft.com/busydw | OK | 1 rows
2026-03-29 23:20:15,992 | Worker 8 | ogtvwhepx54elphebnlwohs3oq-a3mjxokpkjpu7mqvdsn2nkkadu.datawarehouse.fabric.microsoft.com/busydw | OK | 1 rows
2026-03-29 23:20:16,055 | Worker 6 | ogtvwhepx54elphebnlwohs3oq-a3mjxokpkjpu7mqvdsn2nkkadu.datawarehouse.fabric.microsoft.com/busydw | OK | 1 rows
2026-03-29 23:20:16,087 | Worker 4 | ogtvwhepx54elphebnlwohs3oq-a3mjxokpkjpu7mqvdsn2nkkadu.datawarehouse.fabric.microsoft.com/busydw | OK | 1 rows
2026-03-29 23:20:16,456 | Worker 10 | ogtvwhepx54elphebnlwohs3oq-a3mjxokpkjpu7mqvdsn2nkkadu.datawarehouse.fabric.microsoft.com/busydw | OK | 1 rows
2026-03-29 23:20:16,661 | Worker 3 | ogtvwhepx54elphebnlwohs3oq-a3mjxokpkjpu7mqvdsn2nkkadu.datawarehouse.fabric.microsoft.com/busydw | OK | 1 rows
2026-03-29 23:20:17,012 | Worker 1 | ogtvwhepx54elphebnlwohs3oq-a3mjxokpkjpu7mqvdsn2nkkadu.datawarehouse.fabric.microsoft.com/busydw | OK | 1 rows
2026-03-29 23:20:17,028 | Worker 9 | ogtvwhepx54elphebnlwohs3oq-a3mjxokpkjpu7mqvdsn2nkkadu.datawarehouse.fabric.microsoft.com/busydw | OK | 1 rows
2026-03-29 23:20:17,044 | Worker 5 | ogtvwhepx54elphebnlwohs3oq-a3mjxokpkjpu7mqvdsn2nkkadu.datawarehouse.fabric.microsoft.com/busydw | OK | 1 rows
2026-03-29 23:20:17,044 | Worker 7 | ogtvwhepx54elphebnlwohs3oq-a3mjxokpkjpu7mqvdsn2nkkadu.datawarehouse.fabric.microsoft.com/busydw | OK | 1 rows
2026-03-29 23:20:17,361 | Worker 8 | ogtvwhepx54elphebnlwohs3oq-a3mjxokpkjpu7mqvdsn2nkkadu.datawarehouse.fabric.microsoft.com/busydw | OK | 1 rows
2026-03-29 23:20:17,361 | Worker 2 | ogtvwhepx54elphebnlwohs3oq-a3mjxokpkjpu7mqvdsn2nkkadu.datawarehouse.fabric.microsoft.com/busydw | OK | 1 rows
2026-03-29 23:20:17,425 | Worker 6 | ogtvwhepx54elphebnlwohs3oq-a3mjxokpkjpu7mqvdsn2nkkadu.datawarehouse.fabric.microsoft.com/busydw | OK | 1 rows
2026-03-29 23:20:17,466 | Worker 4 | ogtvwhepx54elphebnlwohs3oq-a3mjxokpkjpu7mqvdsn2nkkadu.datawarehouse.fabric.microsoft.com/busydw | OK | 1 rows
2026-03-29 23:20:17,823 | Worker 10 | ogtvwhepx54elphebnlwohs3oq-a3mjxokpkjpu7mqvdsn2nkkadu.datawarehouse.fabric.microsoft.com/busydw | OK | 1 rows
2026-03-29 23:20:18,032 | Worker 3 | ogtvwhepx54elphebnlwohs3oq-a3mjxokpkjpu7mqvdsn2nkkadu.datawarehouse.fabric.microsoft.com/busydw | OK | 1 rows
2026-03-29 23:20:18,389 | Worker 1 | ogtvwhepx54elphebnlwohs3oq-a3mjxokpkjpu7mqvdsn2nkkadu.datawarehouse.fabric.microsoft.com/busydw | OK | 1 rows
2026-03-29 23:20:18,389 | Worker 9 | ogtvwhepx54elphebnlwohs3oq-a3mjxokpkjpu7mqvdsn2nkkadu.datawarehouse.fabric.microsoft.com/busydw | OK | 1 rows
2026-03-29 23:20:18,407 | Worker 7 | ogtvwhepx54elphebnlwohs3oq-a3mjxokpkjpu7mqvdsn2nkkadu.datawarehouse.fabric.microsoft.com/busydw | OK | 1 rows
2026-03-29 23:20:18,407 | Worker 5 | ogtvwhepx54elphebnlwohs3oq-a3mjxokpkjpu7mqvdsn2nkkadu.datawarehouse.fabric.microsoft.com/busydw | OK | 1 rows
2026-03-29 23:20:18,703 | Worker 2 | ogtvwhepx54elphebnlwohs3oq-a3mjxokpkjpu7mqvdsn2nkkadu.datawarehouse.fabric.microsoft.com/busydw | OK | 1 rows
2026-03-29 23:20:18,721 | Worker 8 | ogtvwhepx54elphebnlwohs3oq-a3mjxokpkjpu7mqvdsn2nkkadu.datawarehouse.fabric.microsoft.com/busydw | OK | 1 rows
2026-03-29 23:20:18,799 | Worker 6 | ogtvwhepx54elphebnlwohs3oq-a3mjxokpkjpu7mqvdsn2nkkadu.datawarehouse.fabric.microsoft.com/busydw | OK | 1 rows
2026-03-29 23:20:18,863 | Worker 4 | ogtvwhepx54elphebnlwohs3oq-a3mjxokpkjpu7mqvdsn2nkkadu.datawarehouse.fabric.microsoft.com/busydw | OK | 1 rows
2026-03-29 23:20:19,219 | Worker 10 | ogtvwhepx54elphebnlwohs3oq-a3mjxokpkjpu7mqvdsn2nkkadu.datawarehouse.fabric.microsoft.com/busydw | OK | 1 rows
2026-03-29 23:20:19,379 | Worker 3 | ogtvwhepx54elphebnlwohs3oq-a3mjxokpkjpu7mqvdsn2nkkadu.datawarehouse.fabric.microsoft.com/busydw | OK | 1 rows
2026-03-29 23:20:19,755 | Worker 1 | ogtvwhepx54elphebnlwohs3oq-a3mjxokpkjpu7mqvdsn2nkkadu.datawarehouse.fabric.microsoft.com/busydw | OK | 1 rows
2026-03-29 23:20:19,763 | Worker 9 | ogtvwhepx54elphebnlwohs3oq-a3mjxokpkjpu7mqvdsn2nkkadu.datawarehouse.fabric.microsoft.com/busydw | OK | 1 rows
2026-03-29 23:20:19,773 | Worker 5 | ogtvwhepx54elphebnlwohs3oq-a3mjxokpkjpu7mqvdsn2nkkadu.datawarehouse.fabric.microsoft.com/busydw | OK | 1 rows
2026-03-29 23:20:19,789 | Worker 7 | ogtvwhepx54elphebnlwohs3oq-a3mjxokpkjpu7mqvdsn2nkkadu.datawarehouse.fabric.microsoft.com/busydw | OK | 1 rows
2026-03-29 23:20:20,095 | Worker 2 | ogtvwhepx54elphebnlwohs3oq-a3mjxokpkjpu7mqvdsn2nkkadu.datawarehouse.fabric.microsoft.com/busydw | OK | 1 rows
2026-03-29 23:20:20,095 | Worker 8 | ogtvwhepx54elphebnlwohs3oq-a3mjxokpkjpu7mqvdsn2nkkadu.datawarehouse.fabric.microsoft.com/busydw | OK | 1 rows
2026-03-29 23:20:20,234 | Worker 6 | ogtvwhepx54elphebnlwohs3oq-a3mjxokpkjpu7mqvdsn2nkkadu.datawarehouse.fabric.microsoft.com/busydw | OK | 1 rows
2026-03-29 23:20:20,250 | Worker 4 | ogtvwhepx54elphebnlwohs3oq-a3mjxokpkjpu7mqvdsn2nkkadu.datawarehouse.fabric.microsoft.com/busydw | OK | 1 rows
2026-03-29 23:20:20,586 | Worker 10 | ogtvwhepx54elphebnlwohs3oq-a3mjxokpkjpu7mqvdsn2nkkadu.datawarehouse.fabric.microsoft.com/busydw | OK | 1 rows
2026-03-29 23:20:20,747 | Worker 3 | ogtvwhepx54elphebnlwohs3oq-a3mjxokpkjpu7mqvdsn2nkkadu.datawarehouse.fabric.microsoft.com/busydw | OK | 1 rows
2026-03-29 23:20:21,076 | Worker 9 | ogtvwhepx54elphebnlwohs3oq-a3mjxokpkjpu7mqvdsn2nkkadu.datawarehouse.fabric.microsoft.com/busydw | OK | 1 rows
2026-03-29 23:20:21,124 | Worker 5 | ogtvwhepx54elphebnlwohs3oq-a3mjxokpkjpu7mqvdsn2nkkadu.datawarehouse.fabric.microsoft.com/busydw | OK | 1 rows
2026-03-29 23:20:21,124 | Worker 1 | ogtvwhepx54elphebnlwohs3oq-a3mjxokpkjpu7mqvdsn2nkkadu.datawarehouse.fabric.microsoft.com/busydw | OK | 1 rows
2026-03-29 23:20:21,165 | Worker 7 | ogtvwhepx54elphebnlwohs3oq-a3mjxokpkjpu7mqvdsn2nkkadu.datawarehouse.fabric.microsoft.com/busydw | OK | 1 rows
2026-03-29 23:20:21,457 | Worker 8 | ogtvwhepx54elphebnlwohs3oq-a3mjxokpkjpu7mqvdsn2nkkadu.datawarehouse.fabric.microsoft.com/busydw | OK | 1 rows
2026-03-29 23:20:21,473 | Worker 2 | ogtvwhepx54elphebnlwohs3oq-a3mjxokpkjpu7mqvdsn2nkkadu.datawarehouse.fabric.microsoft.com/busydw | OK | 1 rows
2026-03-29 23:20:21,633 | Worker 4 | ogtvwhepx54elphebnlwohs3oq-a3mjxokpkjpu7mqvdsn2nkkadu.datawarehouse.fabric.microsoft.com/busydw | OK | 1 rows
2026-03-29 23:20:21,633 | Worker 6 | ogtvwhepx54elphebnlwohs3oq-a3mjxokpkjpu7mqvdsn2nkkadu.datawarehouse.fabric.microsoft.com/busydw | OK | 1 rows
2026-03-29 23:20:21,999 | Worker 10 | ogtvwhepx54elphebnlwohs3oq-a3mjxokpkjpu7mqvdsn2nkkadu.datawarehouse.fabric.microsoft.com/busydw | OK | 1 rows
2026-03-29 23:20:22,103 | Worker 3 | ogtvwhepx54elphebnlwohs3oq-a3mjxokpkjpu7mqvdsn2nkkadu.datawarehouse.fabric.microsoft.com/busydw | OK | 1 rows
2026-03-29 23:20:22,469 | Worker 9 | ogtvwhepx54elphebnlwohs3oq-a3mjxokpkjpu7mqvdsn2nkkadu.datawarehouse.fabric.microsoft.com/busydw | OK | 1 rows
2026-03-29 23:20:22,558 | Worker 1 | ogtvwhepx54elphebnlwohs3oq-a3mjxokpkjpu7mqvdsn2nkkadu.datawarehouse.fabric.microsoft.com/busydw | OK | 1 rows
2026-03-29 23:20:22,559 | Worker 5 | ogtvwhepx54elphebnlwohs3oq-a3mjxokpkjpu7mqvdsn2nkkadu.datawarehouse.fabric.microsoft.com/busydw | OK | 1 rows
2026-03-29 23:20:22,561 | Worker 7 | ogtvwhepx54elphebnlwohs3oq-a3mjxokpkjpu7mqvdsn2nkkadu.datawarehouse.fabric.microsoft.com/busydw | OK | 1 rows
2026-03-29 23:20:22,874 | Worker 2 | ogtvwhepx54elphebnlwohs3oq-a3mjxokpkjpu7mqvdsn2nkkadu.datawarehouse.fabric.microsoft.com/busydw | OK | 1 rows
2026-03-29 23:20:22,874 | Worker 8 | ogtvwhepx54elphebnlwohs3oq-a3mjxokpkjpu7mqvdsn2nkkadu.datawarehouse.fabric.microsoft.com/busydw | OK | 1 rows
2026-03-29 23:20:23,009 | Worker 6 | ogtvwhepx54elphebnlwohs3oq-a3mjxokpkjpu7mqvdsn2nkkadu.datawarehouse.fabric.microsoft.com/busydw | OK | 1 rows
2026-03-29 23:20:23,009 | Worker 4 | ogtvwhepx54elphebnlwohs3oq-a3mjxokpkjpu7mqvdsn2nkkadu.datawarehouse.fabric.microsoft.com/busydw | OK | 1 rows
2026-03-29 23:20:23,432 | Worker 10 | ogtvwhepx54elphebnlwohs3oq-a3mjxokpkjpu7mqvdsn2nkkadu.datawarehouse.fabric.microsoft.com/busydw | OK | 1 rows
2026-03-29 23:20:23,553 | Worker 3 | ogtvwhepx54elphebnlwohs3oq-a3mjxokpkjpu7mqvdsn2nkkadu.datawarehouse.fabric.microsoft.com/busydw | OK | 1 rows
2026-03-29 23:20:23,899 | Worker 9 | ogtvwhepx54elphebnlwohs3oq-a3mjxokpkjpu7mqvdsn2nkkadu.datawarehouse.fabric.microsoft.com/busydw | OK | 1 rows
2026-03-29 23:20:24,053 | Worker 1 | ogtvwhepx54elphebnlwohs3oq-a3mjxokpkjpu7mqvdsn2nkkadu.datawarehouse.fabric.microsoft.com/busydw | OK | 1 rows
2026-03-29 23:20:24,055 | Worker 7 | ogtvwhepx54elphebnlwohs3oq-a3mjxokpkjpu7mqvdsn2nkkadu.datawarehouse.fabric.microsoft.com/busydw | OK | 1 rows
2026-03-29 23:20:24,055 | Worker 5 | ogtvwhepx54elphebnlwohs3oq-a3mjxokpkjpu7mqvdsn2nkkadu.datawarehouse.fabric.microsoft.com/busydw | OK | 1 rows
2026-03-29 23:20:24,308 | Worker 2 | ogtvwhepx54elphebnlwohs3oq-a3mjxokpkjpu7mqvdsn2nkkadu.datawarehouse.fabric.microsoft.com/busydw | OK | 1 rows
2026-03-29 23:20:24,308 | Worker 8 | ogtvwhepx54elphebnlwohs3oq-a3mjxokpkjpu7mqvdsn2nkkadu.datawarehouse.fabric.microsoft.com/busydw | OK | 1 rows
2026-03-29 23:20:24,456 | Worker 4 | ogtvwhepx54elphebnlwohs3oq-a3mjxokpkjpu7mqvdsn2nkkadu.datawarehouse.fabric.microsoft.com/busydw | OK | 1 rows
2026-03-29 23:20:24,456 | Worker 6 | ogtvwhepx54elphebnlwohs3oq-a3mjxokpkjpu7mqvdsn2nkkadu.datawarehouse.fabric.microsoft.com/busydw | OK | 1 rows
2026-03-29 23:20:24,851 | Worker 10 | ogtvwhepx54elphebnlwohs3oq-a3mjxokpkjpu7mqvdsn2nkkadu.datawarehouse.fabric.microsoft.com/busydw | OK | 1 rows
2026-03-29 23:20:24,979 | Worker 3 | ogtvwhepx54elphebnlwohs3oq-a3mjxokpkjpu7mqvdsn2nkkadu.datawarehouse.fabric.microsoft.com/busydw | OK | 1 rows
2026-03-29 23:20:25,330 | Worker 9 | ogtvwhepx54elphebnlwohs3oq-a3mjxokpkjpu7mqvdsn2nkkadu.datawarehouse.fabric.microsoft.com/busydw | OK | 1 rows
2026-03-29 23:20:25,404 | Worker 7 | ogtvwhepx54elphebnlwohs3oq-a3mjxokpkjpu7mqvdsn2nkkadu.datawarehouse.fabric.microsoft.com/busydw | OK | 1 rows
2026-03-29 23:20:25,441 | Worker 1 | ogtvwhepx54elphebnlwohs3oq-a3mjxokpkjpu7mqvdsn2nkkadu.datawarehouse.fabric.microsoft.com/busydw | OK | 1 rows
2026-03-29 23:20:25,441 | Worker 5 | ogtvwhepx54elphebnlwohs3oq-a3mjxokpkjpu7mqvdsn2nkkadu.datawarehouse.fabric.microsoft.com/busydw | OK | 1 rows
2026-03-29 23:20:25,663 | Worker 2 | ogtvwhepx54elphebnlwohs3oq-a3mjxokpkjpu7mqvdsn2nkkadu.datawarehouse.fabric.microsoft.com/busydw | OK | 1 rows
2026-03-29 23:20:25,673 | Worker 8 | ogtvwhepx54elphebnlwohs3oq-a3mjxokpkjpu7mqvdsn2nkkadu.datawarehouse.fabric.microsoft.com/busydw | OK | 1 rows
2026-03-29 23:20:25,807 | Worker 4 | ogtvwhepx54elphebnlwohs3oq-a3mjxokpkjpu7mqvdsn2nkkadu.datawarehouse.fabric.microsoft.com/busydw | OK | 1 rows
2026-03-29 23:20:25,807 | Worker 6 | ogtvwhepx54elphebnlwohs3oq-a3mjxokpkjpu7mqvdsn2nkkadu.datawarehouse.fabric.microsoft.com/busydw | OK | 1 rows
2026-03-29 23:20:26,315 | Worker 10 | ogtvwhepx54elphebnlwohs3oq-a3mjxokpkjpu7mqvdsn2nkkadu.datawarehouse.fabric.microsoft.com/busydw | OK | 1 rows
2026-03-29 23:20:26,340 | Worker 3 | ogtvwhepx54elphebnlwohs3oq-a3mjxokpkjpu7mqvdsn2nkkadu.datawarehouse.fabric.microsoft.com/busydw | OK | 1 rows
2026-03-29 23:20:26,684 | Worker 9 | ogtvwhepx54elphebnlwohs3oq-a3mjxokpkjpu7mqvdsn2nkkadu.datawarehouse.fabric.microsoft.com/busydw | OK | 1 rows
2026-03-29 23:20:26,815 | Worker 1 | ogtvwhepx54elphebnlwohs3oq-a3mjxokpkjpu7mqvdsn2nkkadu.datawarehouse.fabric.microsoft.com/busydw | OK | 1 rows
2026-03-29 23:20:26,815 | Worker 5 | ogtvwhepx54elphebnlwohs3oq-a3mjxokpkjpu7mqvdsn2nkkadu.datawarehouse.fabric.microsoft.com/busydw | OK | 1 rows
2026-03-29 23:20:26,815 | Worker 7 | ogtvwhepx54elphebnlwohs3oq-a3mjxokpkjpu7mqvdsn2nkkadu.datawarehouse.fabric.microsoft.com/busydw | OK | 1 rows
2026-03-29 23:20:27,089 | Worker 8 | ogtvwhepx54elphebnlwohs3oq-a3mjxokpkjpu7mqvdsn2nkkadu.datawarehouse.fabric.microsoft.com/busydw | OK | 1 rows
2026-03-29 23:20:27,105 | Worker 2 | ogtvwhepx54elphebnlwohs3oq-a3mjxokpkjpu7mqvdsn2nkkadu.datawarehouse.fabric.microsoft.com/busydw | OK | 1 rows
2026-03-29 23:20:27,175 | Worker 4 | ogtvwhepx54elphebnlwohs3oq-a3mjxokpkjpu7mqvdsn2nkkadu.datawarehouse.fabric.microsoft.com/busydw | OK | 1 rows
2026-03-29 23:20:27,175 | Worker 6 | ogtvwhepx54elphebnlwohs3oq-a3mjxokpkjpu7mqvdsn2nkkadu.datawarehouse.fabric.microsoft.com/busydw | OK | 1 rows
2026-03-29 23:20:27,733 | Worker 3 | ogtvwhepx54elphebnlwohs3oq-a3mjxokpkjpu7mqvdsn2nkkadu.datawarehouse.fabric.microsoft.com/busydw | OK | 1 rows
2026-03-29 23:20:27,776 | Worker 10 | ogtvwhepx54elphebnlwohs3oq-a3mjxokpkjpu7mqvdsn2nkkadu.datawarehouse.fabric.microsoft.com/busydw | OK | 1 rows
2026-03-29 23:20:28,044 | Worker 9 | ogtvwhepx54elphebnlwohs3oq-a3mjxokpkjpu7mqvdsn2nkkadu.datawarehouse.fabric.microsoft.com/busydw | OK | 1 rows
2026-03-29 23:20:28,171 | Stopping all workers …
2026-03-29 23:20:28,171 | Worker 7 | ogtvwhepx54elphebnlwohs3oq-a3mjxokpkjpu7mqvdsn2nkkadu.datawarehouse.fabric.microsoft.com/busydw | OK | 1 rows
2026-03-29 23:20:28,180 | Worker 4 stopped
2026-03-29 23:20:28,181 | Worker 6 stopped
2026-03-29 23:20:28,181 | Worker 1 | ogtvwhepx54elphebnlwohs3oq-a3mjxokpkjpu7mqvdsn2nkkadu.datawarehouse.fabric.microsoft.com/busydw | OK | 1 rows
2026-03-29 23:20:28,187 | Worker 5 | ogtvwhepx54elphebnlwohs3oq-a3mjxokpkjpu7mqvdsn2nkkadu.datawarehouse.fabric.microsoft.com/busydw | OK | 1 rows
2026-03-29 23:20:28,459 | Worker 2 | ogtvwhepx54elphebnlwohs3oq-a3mjxokpkjpu7mqvdsn2nkkadu.datawarehouse.fabric.microsoft.com/busydw | OK | 1 rows
2026-03-29 23:20:28,459 | Worker 8 | ogtvwhepx54elphebnlwohs3oq-a3mjxokpkjpu7mqvdsn2nkkadu.datawarehouse.fabric.microsoft.com/busydw | OK | 1 rows
2026-03-29 23:20:28,741 | Worker 3 stopped
2026-03-29 23:20:28,787 | Worker 10 stopped
2026-03-29 23:20:29,049 | Worker 9 stopped
2026-03-29 23:20:29,175 | Worker 7 stopped
2026-03-29 23:20:29,183 | Worker 1 stopped
2026-03-29 23:20:29,201 | Worker 5 stopped
2026-03-29 23:20:29,471 | Worker 2 stopped
2026-03-29 23:20:29,471 | Worker 8 stopped
2026-03-29 23:20:29,471 | All workers stopped
